# JRE version: Java(TM) SE Runtime Environment (8.0_121-b13) (build 1.8.0_121-b13)
# Java VM: Java HotSpot(TM) 64-Bit Server VM (25.121-b13 mixed mode linux-amd64 compressed oops)
Heap:
 PSYoungGen      total 295424K, used 37856K [0x00000000e0000000, 0x00000000f6900000, 0x0000000100000000)
  eden space 257536K, 0% used [0x00000000e0000000,0x00000000e0000000,0x00000000efb80000)
  from space 37888K, 99% used [0x00000000efb80000,0x00000000f2078050,0x00000000f2080000)
  to   space 25088K, 0% used [0x00000000f2080000,0x00000000f2080000,0x00000000f3900000)
 ParOldGen       total 102400K, used 86654K [0x00000000a0000000, 0x00000000a6400000, 0x00000000e0000000)
  object space 102400K, 84% used [0x00000000a0000000,0x00000000a549f918,0x00000000a6400000)
 Metaspace       used 73795K, capacity 75830K, committed 75904K, reserved 1116160K
  class space    used 9362K, capacity 9788K, committed 9856K, reserved 1048576K
GC Heap History (10 events):
Event: 238.941 GC heap after
Heap after GC invocations=15 (full 3):
 PSYoungGen      total 203264K, used 0K [0x00000000e0000000, 0x00000000eeb00000, 0x0000000100000000)
  eden space 183808K, 0% used [0x00000000e0000000,0x00000000e0000000,0x00000000eb380000)
  from space 19456K, 0% used [0x00000000eca00000,0x00000000eca00000,0x00000000edd00000)
  to   space 23040K, 0% used [0x00000000eb380000,0x00000000eb380000,0x00000000eca00000)
 ParOldGen       total 102400K, used 41944K [0x00000000a0000000, 0x00000000a6400000, 0x00000000e0000000)
  object space 102400K, 40% used [0x00000000a0000000,0x00000000a28f63a0,0x00000000a6400000)
 Metaspace       used 57111K, capacity 58830K, committed 59160K, reserved 1099776K
  class space    used 7670K, capacity 8004K, committed 8064K, reserved 1048576K
}
Event: 244.598 GC heap before
{Heap before GC invocations=16 (full 3):
 PSYoungGen      total 203264K, used 183808K [0x00000000e0000000, 0x00000000eeb00000, 0x0000000100000000)
  eden space 183808K, 100% used [0x00000000e0000000,0x00000000eb380000,0x00000000eb380000)
  from space 19456K, 0% used [0x00000000eca00000,0x00000000eca00000,0x00000000edd00000)
  to   space 23040K, 0% used [0x00000000eb380000,0x00000000eb380000,0x00000000eca00000)
 ParOldGen       total 102400K, used 41944K [0x00000000a0000000, 0x00000000a6400000, 0x00000000e0000000)
  object space 102400K, 40% used [0x00000000a0000000,0x00000000a28f63a0,0x00000000a6400000)
 Metaspace       used 64911K, capacity 66842K, committed 67200K, reserved 1107968K
  class space    used 8588K, capacity 8992K, committed 9088K, reserved 1048576K
Event: 244.614 GC heap after
Heap after GC invocations=16 (full 3):
 PSYoungGen      total 206848K, used 10530K [0x00000000e0000000, 0x00000000f0680000, 0x0000000100000000)
  eden space 183808K, 0% used [0x00000000e0000000,0x00000000e0000000,0x00000000eb380000)
  from space 23040K, 45% used [0x00000000eb380000,0x00000000ebdc8998,0x00000000eca00000)
  to   space 22016K, 0% used [0x00000000ef100000,0x00000000ef100000,0x00000000f0680000)
 ParOldGen       total 102400K, used 41960K [0x00000000a0000000, 0x00000000a6400000, 0x00000000e0000000)
  object space 102400K, 40% used [0x00000000a0000000,0x00000000a28fa3a0,0x00000000a6400000)
 Metaspace       used 64911K, capacity 66842K, committed 67200K, reserved 1107968K
  class space    used 8588K, capacity 8992K, committed 9088K, reserved 1048576K
}
Event: 248.271 GC heap before
{Heap before GC invocations=17 (full 3):
 PSYoungGen      total 206848K, used 194338K [0x00000000e0000000, 0x00000000f0680000, 0x0000000100000000)
  eden space 183808K, 100% used [0x00000000e0000000,0x00000000eb380000,0x00000000eb380000)
  from space 23040K, 45% used [0x00000000eb380000,0x00000000ebdc8998,0x00000000eca00000)
  to   space 22016K, 0% used [0x00000000ef100000,0x00000000ef100000,0x00000000f0680000)
 ParOldGen       total 102400K, used 41960K [0x00000000a0000000, 0x00000000a6400000, 0x00000000e0000000)
  object space 102400K, 40% used [0x00000000a0000000,0x00000000a28fa3a0,0x00000000a6400000)
 Metaspace       used 70768K, capacity 72792K, committed 73088K, reserved 1112064K
  class space    used 9098K, capacity 9501K, committed 9600K, reserved 1048576K
Event: 248.309 GC heap after
Heap after GC invocations=17 (full 3):
 PSYoungGen      total 245248K, used 17144K [0x00000000e0000000, 0x00000000f0a00000, 0x0000000100000000)
  eden space 223232K, 0% used [0x00000000e0000000,0x00000000e0000000,0x00000000eda00000)
  from space 22016K, 77% used [0x00000000ef100000,0x00000000f01be3a8,0x00000000f0680000)
  to   space 23552K, 0% used [0x00000000eda00000,0x00000000eda00000,0x00000000ef100000)
 ParOldGen       total 102400K, used 41968K [0x00000000a0000000, 0x00000000a6400000, 0x00000000e0000000)
  object space 102400K, 40% used [0x00000000a0000000,0x00000000a28fc3a0,0x00000000a6400000)
 Metaspace       used 70768K, capacity 72792K, committed 73088K, reserved 1112064K
  class space    used 9098K, capacity 9501K, committed 9600K, reserved 1048576K
}
Event: 252.136 GC heap before
{Heap before GC invocations=18 (full 3):
 PSYoungGen      total 245248K, used 240376K [0x00000000e0000000, 0x00000000f0a00000, 0x0000000100000000)
  eden space 223232K, 100% used [0x00000000e0000000,0x00000000eda00000,0x00000000eda00000)
  from space 22016K, 77% used [0x00000000ef100000,0x00000000f01be3a8,0x00000000f0680000)
  to   space 23552K, 0% used [0x00000000eda00000,0x00000000eda00000,0x00000000ef100000)
 ParOldGen       total 102400K, used 41968K [0x00000000a0000000, 0x00000000a6400000, 0x00000000e0000000)
  object space 102400K, 40% used [0x00000000a0000000,0x00000000a28fc3a0,0x00000000a6400000)
 Metaspace       used 73574K, capacity 75638K, committed 75904K, reserved 1116160K
  class space    used 9362K, capacity 9788K, committed 9856K, reserved 1048576K
Event: 252.158 GC heap after
Heap after GC invocations=18 (full 3):
 PSYoungGen      total 246784K, used 19345K [0x00000000e0000000, 0x00000000f3900000, 0x0000000100000000)
  eden space 223232K, 0% used [0x00000000e0000000,0x00000000e0000000,0x00000000eda00000)
  from space 23552K, 82% used [0x00000000eda00000,0x00000000eece47a8,0x00000000ef100000)
  to   space 25088K, 0% used [0x00000000f2080000,0x00000000f2080000,0x00000000f3900000)
 ParOldGen       total 102400K, used 41976K [0x00000000a0000000, 0x00000000a6400000, 0x00000000e0000000)
  object space 102400K, 40% used [0x00000000a0000000,0x00000000a28fe3a0,0x00000000a6400000)
 Metaspace       used 73574K, capacity 75638K, committed 75904K, reserved 1116160K
  class space    used 9362K, capacity 9788K, committed 9856K, reserved 1048576K
}
Event: 253.419 GC heap before
{Heap before GC invocations=19 (full 3):
 PSYoungGen      total 246784K, used 242577K [0x00000000e0000000, 0x00000000f3900000, 0x0000000100000000)
  eden space 223232K, 100% used [0x00000000e0000000,0x00000000eda00000,0x00000000eda00000)
  from space 23552K, 82% used [0x00000000eda00000,0x00000000eece47a8,0x00000000ef100000)
  to   space 25088K, 0% used [0x00000000f2080000,0x00000000f2080000,0x00000000f3900000)
 ParOldGen       total 102400K, used 41976K [0x00000000a0000000, 0x00000000a6400000, 0x00000000e0000000)
  object space 102400K, 40% used [0x00000000a0000000,0x00000000a28fe3a0,0x00000000a6400000)
 Metaspace       used 73719K, capacity 75766K, committed 75904K, reserved 1116160K
  class space    used 9362K, capacity 9788K, committed 9856K, reserved 1048576K
Event: 253.480 GC heap after
Heap after GC invocations=19 (full 3):
 PSYoungGen      total 282624K, used 25062K [0x00000000e0000000, 0x00000000f6900000, 0x0000000100000000)
  eden space 257536K, 0% used [0x00000000e0000000,0x00000000e0000000,0x00000000efb80000)
  from space 25088K, 99% used [0x00000000f2080000,0x00000000f38f9878,0x00000000f3900000)
  to   space 37888K, 0% used [0x00000000efb80000,0x00000000efb80000,0x00000000f2080000)
 ParOldGen       total 102400K, used 65901K [0x00000000a0000000, 0x00000000a6400000, 0x00000000e0000000)
  object space 102400K, 64% used [0x00000000a0000000,0x00000000a405b470,0x00000000a6400000)
 Metaspace       used 73719K, capacity 75766K, committed 75904K, reserved 1116160K
  class space    used 9362K, capacity 9788K, committed 9856K, reserved 1048576K
}
Event: 254.193 GC heap before
{Heap before GC invocations=20 (full 3):
 PSYoungGen      total 282624K, used 282598K [0x00000000e0000000, 0x00000000f6900000, 0x0000000100000000)
  eden space 257536K, 100% used [0x00000000e0000000,0x00000000efb80000,0x00000000efb80000)
  from space 25088K, 99% used [0x00000000f2080000,0x00000000f38f9878,0x00000000f3900000)
  to   space 37888K, 0% used [0x00000000efb80000,0x00000000efb80000,0x00000000f2080000)
 ParOldGen       total 102400K, used 65901K [0x00000000a0000000, 0x00000000a6400000, 0x00000000e0000000)
  object space 102400K, 64% used [0x00000000a0000000,0x00000000a405b470,0x00000000a6400000)
 Metaspace       used 73795K, capacity 75830K, committed 75904K, reserved 1116160K
  class space    used 9362K, capacity 9788K, committed 9856K, reserved 1048576K

