# JRE version: OpenJDK Runtime Environment (8.0_112-b06) (build 1.8.0_112-release-b06)
# Java VM: OpenJDK 64-Bit Server VM (25.112-b06 mixed mode linux-amd64 compressed oops)
Heap:
 PSYoungGen      total 384512K, used 26604K [0x00000000e0000000, 0x00000000f9300000, 0x0000000100000000)
  eden space 357888K, 0% used [0x00000000e0000000,0x00000000e0000000,0x00000000f5d80000)
  from space 26624K, 99% used [0x00000000f5d80000,0x00000000f777b088,0x00000000f7780000)
  to   space 18944K, 0% used [0x00000000f7780000,0x00000000f7780000,0x00000000f8a00000)
 ParOldGen       total 190464K, used 160242K [0x00000000a0000000, 0x00000000aba00000, 0x00000000e0000000)
  object space 190464K, 84% used [0x00000000a0000000,0x00000000a9c7c840,0x00000000aba00000)
 Metaspace       used 77957K, capacity 85216K, committed 85424K, reserved 1124352K
  class space    used 10039K, capacity 10839K, committed 10928K, reserved 1048576K
GC Heap History (10 events):
Event: 4903.959 GC heap after
Heap after GC invocations=27 (full 3):
 PSYoungGen      total 321024K, used 10122K [0x00000000e0000000, 0x00000000f5780000, 0x0000000100000000)
  eden space 306688K, 0% used [0x00000000e0000000,0x00000000e0000000,0x00000000f2b80000)
  from space 14336K, 70% used [0x00000000f3e80000,0x00000000f4862950,0x00000000f4c80000)
  to   space 19456K, 0% used [0x00000000f2b80000,0x00000000f2b80000,0x00000000f3e80000)
 ParOldGen       total 99840K, used 58677K [0x00000000a0000000, 0x00000000a6180000, 0x00000000e0000000)
  object space 99840K, 58% used [0x00000000a0000000,0x00000000a394d780,0x00000000a6180000)
 Metaspace       used 68015K, capacity 71718K, committed 71984K, reserved 1112064K
  class space    used 8607K, capacity 9188K, committed 9264K, reserved 1048576K
}
Event: 4974.019 GC heap before
{Heap before GC invocations=28 (full 3):
 PSYoungGen      total 321024K, used 316810K [0x00000000e0000000, 0x00000000f5780000, 0x0000000100000000)
  eden space 306688K, 100% used [0x00000000e0000000,0x00000000f2b80000,0x00000000f2b80000)
  from space 14336K, 70% used [0x00000000f3e80000,0x00000000f4862950,0x00000000f4c80000)
  to   space 19456K, 0% used [0x00000000f2b80000,0x00000000f2b80000,0x00000000f3e80000)
 ParOldGen       total 99840K, used 58677K [0x00000000a0000000, 0x00000000a6180000, 0x00000000e0000000)
  object space 99840K, 58% used [0x00000000a0000000,0x00000000a394d780,0x00000000a6180000)
 Metaspace       used 68143K, capacity 71910K, committed 71984K, reserved 1112064K
  class space    used 8618K, capacity 9202K, committed 9264K, reserved 1048576K
Event: 4974.033 GC heap after
Heap after GC invocations=28 (full 3):
 PSYoungGen      total 326144K, used 8944K [0x00000000e0000000, 0x00000000f8a00000, 0x0000000100000000)
  eden space 306688K, 0% used [0x00000000e0000000,0x00000000e0000000,0x00000000f2b80000)
  from space 19456K, 45% used [0x00000000f2b80000,0x00000000f343c010,0x00000000f3e80000)
  to   space 18944K, 0% used [0x00000000f7780000,0x00000000f7780000,0x00000000f8a00000)
 ParOldGen       total 99840K, used 59029K [0x00000000a0000000, 0x00000000a6180000, 0x00000000e0000000)
  object space 99840K, 59% used [0x00000000a0000000,0x00000000a39a5780,0x00000000a6180000)
 Metaspace       used 68143K, capacity 71910K, committed 71984K, reserved 1112064K
  class space    used 8618K, capacity 9202K, committed 9264K, reserved 1048576K
}
Event: 8616.759 GC heap before
{Heap before GC invocations=29 (full 3):
 PSYoungGen      total 326144K, used 315632K [0x00000000e0000000, 0x00000000f8a00000, 0x0000000100000000)
  eden space 306688K, 100% used [0x00000000e0000000,0x00000000f2b80000,0x00000000f2b80000)
  from space 19456K, 45% used [0x00000000f2b80000,0x00000000f343c010,0x00000000f3e80000)
  to   space 18944K, 0% used [0x00000000f7780000,0x00000000f7780000,0x00000000f8a00000)
 ParOldGen       total 99840K, used 59029K [0x00000000a0000000, 0x00000000a6180000, 0x00000000e0000000)
  object space 99840K, 59% used [0x00000000a0000000,0x00000000a39a5780,0x00000000a6180000)
 Metaspace       used 72876K, capacity 78268K, committed 78384K, reserved 1118208K
  class space    used 9252K, capacity 9975K, committed 10032K, reserved 1048576K
Event: 8617.257 GC heap after
Heap after GC invocations=29 (full 3):
 PSYoungGen      total 376832K, used 18936K [0x00000000e0000000, 0x00000000f9300000, 0x0000000100000000)
  eden space 357888K, 0% used [0x00000000e0000000,0x00000000e0000000,0x00000000f5d80000)
  from space 18944K, 99% used [0x00000000f7780000,0x00000000f89fe0d0,0x00000000f8a00000)
  to   space 26624K, 0% used [0x00000000f5d80000,0x00000000f5d80000,0x00000000f7780000)
 ParOldGen       total 99840K, used 72970K [0x00000000a0000000, 0x00000000a6180000, 0x00000000e0000000)
  object space 99840K, 73% used [0x00000000a0000000,0x00000000a4742b90,0x00000000a6180000)
 Metaspace       used 72876K, capacity 78268K, committed 78384K, reserved 1118208K
  class space    used 9252K, capacity 9975K, committed 10032K, reserved 1048576K
}
Event: 8627.992 GC heap before
{Heap before GC invocations=30 (full 3):
 PSYoungGen      total 376832K, used 376824K [0x00000000e0000000, 0x00000000f9300000, 0x0000000100000000)
  eden space 357888K, 100% used [0x00000000e0000000,0x00000000f5d80000,0x00000000f5d80000)
  from space 18944K, 99% used [0x00000000f7780000,0x00000000f89fe0d0,0x00000000f8a00000)
  to   space 26624K, 0% used [0x00000000f5d80000,0x00000000f5d80000,0x00000000f7780000)
 ParOldGen       total 99840K, used 72970K [0x00000000a0000000, 0x00000000a6180000, 0x00000000e0000000)
  object space 99840K, 73% used [0x00000000a0000000,0x00000000a4742b90,0x00000000a6180000)
 Metaspace       used 75902K, capacity 82862K, committed 82992K, reserved 1122304K
  class space    used 9728K, capacity 10455K, committed 10544K, reserved 1048576K
Event: 8628.352 GC heap after
Heap after GC invocations=30 (full 3):
 PSYoungGen      total 376832K, used 376824K [0x00000000e0000000, 0x00000000f9300000, 0x0000000100000000)
  eden space 357888K, 100% used [0x00000000e0000000,0x00000000f5d80000,0x00000000f5d80000)
  from space 18944K, 99% used [0x00000000f7780000,0x00000000f89fe0d0,0x00000000f8a00000)
  to   space 26624K, 99% used [0x00000000f5d80000,0x00000000f777e0d0,0x00000000f7780000)
 ParOldGen       total 131584K, used 131446K [0x00000000a0000000, 0x00000000a8080000, 0x00000000e0000000)
  object space 131584K, 99% used [0x00000000a0000000,0x00000000a805da20,0x00000000a8080000)
 Metaspace       used 75902K, capacity 82862K, committed 82992K, reserved 1122304K
  class space    used 9728K, capacity 10455K, committed 10544K, reserved 1048576K
}
Event: 8628.361 GC heap before
{Heap before GC invocations=31 (full 4):
 PSYoungGen      total 376832K, used 376824K [0x00000000e0000000, 0x00000000f9300000, 0x0000000100000000)
  eden space 357888K, 100% used [0x00000000e0000000,0x00000000f5d80000,0x00000000f5d80000)
  from space 18944K, 99% used [0x00000000f7780000,0x00000000f89fe0d0,0x00000000f8a00000)
  to   space 26624K, 99% used [0x00000000f5d80000,0x00000000f777e0d0,0x00000000f7780000)
 ParOldGen       total 131584K, used 131446K [0x00000000a0000000, 0x00000000a8080000, 0x00000000e0000000)
  object space 131584K, 99% used [0x00000000a0000000,0x00000000a805da20,0x00000000a8080000)
 Metaspace       used 75902K, capacity 82862K, committed 82992K, reserved 1122304K
  class space    used 9728K, capacity 10455K, committed 10544K, reserved 1048576K
Event: 8628.993 GC heap after
Heap after GC invocations=31 (full 4):
 PSYoungGen      total 376832K, used 0K [0x00000000e0000000, 0x00000000f9300000, 0x0000000100000000)
  eden space 357888K, 0% used [0x00000000e0000000,0x00000000e0000000,0x00000000f5d80000)
  from space 18944K, 0% used [0x00000000f7780000,0x00000000f7780000,0x00000000f8a00000)
  to   space 26624K, 0% used [0x00000000f5d80000,0x00000000f5d80000,0x00000000f7780000)
 ParOldGen       total 190464K, used 122233K [0x00000000a0000000, 0x00000000aba00000, 0x00000000e0000000)
  object space 190464K, 64% used [0x00000000a0000000,0x00000000a775e630,0x00000000aba00000)
 Metaspace       used 75187K, capacity 81458K, committed 82992K, reserved 1122304K
  class space    used 9596K, capacity 10219K, committed 10544K, reserved 1048576K
}
Event: 8756.237 GC heap before
{Heap before GC invocations=32 (full 4):
 PSYoungGen      total 376832K, used 357888K [0x00000000e0000000, 0x00000000f9300000, 0x0000000100000000)
  eden space 357888K, 100% used [0x00000000e0000000,0x00000000f5d80000,0x00000000f5d80000)
  from space 18944K, 0% used [0x00000000f7780000,0x00000000f7780000,0x00000000f8a00000)
  to   space 26624K, 0% used [0x00000000f5d80000,0x00000000f5d80000,0x00000000f7780000)
 ParOldGen       total 190464K, used 122233K [0x00000000a0000000, 0x00000000aba00000, 0x00000000e0000000)
  object space 190464K, 64% used [0x00000000a0000000,0x00000000a775e630,0x00000000aba00000)
 Metaspace       used 77957K, capacity 85216K, committed 85424K, reserved 1124352K
  class space    used 10039K, capacity 10839K, committed 10928K, reserved 1048576K

